<?xml version="1.0" encoding="UTF-8"?>
<testsuite xmlns:xsi="http://www.w3.org/2001/XMLSchema-instance" xsi:noNamespaceSchemaLocation="https://maven.apache.org/surefire/maven-surefire-plugin/xsd/surefire-test-report-3.0.xsd" version="3.0" name="com.intecod.app.AppApplicationTests" time="3.617" tests="1" errors="0" skipped="0" failures="0">
  <properties>
    <property name="java.specification.version" value="21"/>
    <property name="sun.jnu.encoding" value="UTF-8"/>
    <property name="java.class.path" value="/home/dparedes/proyectos/academia/escribebackend/target/test-classes:/home/dparedes/proyectos/academia/escribebackend/target/classes:/home/dparedes/.m2/repository/org/springframework/boot/spring-boot-starter-actuator/3.3.0/spring-boot-starter-actuator-3.3.0.jar:/home/dparedes/.m2/repository/org/springframework/boot/spring-boot-starter/3.3.0/spring-boot-starter-3.3.0.jar:/home/dparedes/.m2/repository/org/springframework/boot/spring-boot-starter-logging/3.3.0/spring-boot-starter-logging-3.3.0.jar:/home/dparedes/.m2/repository/ch/qos/logback/logback-classic/1.5.6/logback-classic-1.5.6.jar:/home/dparedes/.m2/repository/ch/qos/logback/logback-core/1.5.6/logback-core-1.5.6.jar:/home/dparedes/.m2/repository/org/apache/logging/log4j/log4j-to-slf4j/2.23.1/log4j-to-slf4j-2.23.1.jar:/home/dparedes/.m2/repository/org/apache/logging/log4j/log4j-api/2.23.1/log4j-api-2.23.1.jar:/home/dparedes/.m2/repository/org/slf4j/jul-to-slf4j/2.0.13/jul-to-slf4j-2.0.13.jar:/home/dparedes/.m2/repository/org/yaml/snakeyaml/2.2/snakeyaml-2.2.jar:/home/dparedes/.m2/repository/org/springframework/boot/spring-boot-actuator-autoconfigure/3.3.0/spring-boot-actuator-autoconfigure-3.3.0.jar:/home/dparedes/.m2/repository/org/springframework/boot/spring-boot-actuator/3.3.0/spring-boot-actuator-3.3.0.jar:/home/dparedes/.m2/repository/com/fasterxml/jackson/datatype/jackson-datatype-jsr310/2.17.1/jackson-datatype-jsr310-2.17.1.jar:/home/dparedes/.m2/repository/io/micrometer/micrometer-observation/1.13.0/micrometer-observation-1.13.0.jar:/home/dparedes/.m2/repository/io/micrometer/micrometer-commons/1.13.0/micrometer-commons-1.13.0.jar:/home/dparedes/.m2/repository/io/micrometer/micrometer-jakarta9/1.13.0/micrometer-jakarta9-1.13.0.jar:/home/dparedes/.m2/repository/io/micrometer/micrometer-core/1.13.0/micrometer-core-1.13.0.jar:/home/dparedes/.m2/repository/org/hdrhistogram/HdrHistogram/2.2.1/HdrHistogram-2.2.1.jar:/home/dparedes/.m2/repository/org/latencyutils/LatencyUtils/2.0.3/LatencyUtils-2.0.3.jar:/home/dparedes/.m2/repository/org/springframework/boot/spring-boot-starter-security/3.3.0/spring-boot-starter-security-3.3.0.jar:/home/dparedes/.m2/repository/org/springframework/spring-aop/6.1.8/spring-aop-6.1.8.jar:/home/dparedes/.m2/repository/org/springframework/spring-beans/6.1.8/spring-beans-6.1.8.jar:/home/dparedes/.m2/repository/org/springframework/security/spring-security-config/6.3.0/spring-security-config-6.3.0.jar:/home/dparedes/.m2/repository/org/springframework/spring-context/6.1.8/spring-context-6.1.8.jar:/home/dparedes/.m2/repository/org/springframework/security/spring-security-web/6.3.0/spring-security-web-6.3.0.jar:/home/dparedes/.m2/repository/org/springframework/spring-expression/6.1.8/spring-expression-6.1.8.jar:/home/dparedes/.m2/repository/org/springframework/boot/spring-boot-starter-validation/3.3.0/spring-boot-starter-validation-3.3.0.jar:/home/dparedes/.m2/repository/org/apache/tomcat/embed/tomcat-embed-el/10.1.24/tomcat-embed-el-10.1.24.jar:/home/dparedes/.m2/repository/org/hibernate/validator/hibernate-validator/8.0.1.Final/hibernate-validator-8.0.1.Final.jar:/home/dparedes/.m2/repository/jakarta/validation/jakarta.validation-api/3.0.2/jakarta.validation-api-3.0.2.jar:/home/dparedes/.m2/repository/org/jboss/logging/jboss-logging/3.5.3.Final/jboss-logging-3.5.3.Final.jar:/home/dparedes/.m2/repository/com/fasterxml/classmate/1.7.0/classmate-1.7.0.jar:/home/dparedes/.m2/repository/org/springframework/boot/spring-boot-starter-web/3.3.0/spring-boot-starter-web-3.3.0.jar:/home/dparedes/.m2/repository/org/springframework/boot/spring-boot-starter-json/3.3.0/spring-boot-starter-json-3.3.0.jar:/home/dparedes/.m2/repository/com/fasterxml/jackson/datatype/jackson-datatype-jdk8/2.17.1/jackson-datatype-jdk8-2.17.1.jar:/home/dparedes/.m2/repository/com/fasterxml/jackson/module/jackson-module-parameter-names/2.17.1/jackson-module-parameter-names-2.17.1.jar:/home/dparedes/.m2/repository/org/springframework/spring-web/6.1.8/spring-web-6.1.8.jar:/home/dparedes/.m2/repository/org/springframework/spring-webmvc/6.1.8/spring-webmvc-6.1.8.jar:/home/dparedes/.m2/repository/org/springframework/boot/spring-boot-devtools/3.3.0/spring-boot-devtools-3.3.0.jar:/home/dparedes/.m2/repository/org/springframework/boot/spring-boot/3.3.0/spring-boot-3.3.0.jar:/home/dparedes/.m2/repository/org/springframework/boot/spring-boot-autoconfigure/3.3.0/spring-boot-autoconfigure-3.3.0.jar:/home/dparedes/.m2/repository/org/projectlombok/lombok/1.18.32/lombok-1.18.32.jar:/home/dparedes/.m2/repository/org/springframework/boot/spring-boot-starter-tomcat/3.3.0/spring-boot-starter-tomcat-3.3.0.jar:/home/dparedes/.m2/repository/jakarta/annotation/jakarta.annotation-api/2.1.1/jakarta.annotation-api-2.1.1.jar:/home/dparedes/.m2/repository/org/apache/tomcat/embed/tomcat-embed-core/10.1.24/tomcat-embed-core-10.1.24.jar:/home/dparedes/.m2/repository/org/apache/tomcat/embed/tomcat-embed-websocket/10.1.24/tomcat-embed-websocket-10.1.24.jar:/home/dparedes/.m2/repository/org/springframework/boot/spring-boot-starter-test/3.3.0/spring-boot-starter-test-3.3.0.jar:/home/dparedes/.m2/repository/org/springframework/boot/spring-boot-test/3.3.0/spring-boot-test-3.3.0.jar:/home/dparedes/.m2/repository/org/springframework/boot/spring-boot-test-autoconfigure/3.3.0/spring-boot-test-autoconfigure-3.3.0.jar:/home/dparedes/.m2/repository/com/jayway/jsonpath/json-path/2.9.0/json-path-2.9.0.jar:/home/dparedes/.m2/repository/org/slf4j/slf4j-api/2.0.13/slf4j-api-2.0.13.jar:/home/dparedes/.m2/repository/jakarta/xml/bind/jakarta.xml.bind-api/4.0.2/jakarta.xml.bind-api-4.0.2.jar:/home/dparedes/.m2/repository/jakarta/activation/jakarta.activation-api/2.1.3/jakarta.activation-api-2.1.3.jar:/home/dparedes/.m2/repository/net/minidev/json-smart/2.5.1/json-smart-2.5.1.jar:/home/dparedes/.m2/repository/net/minidev/accessors-smart/2.5.1/accessors-smart-2.5.1.jar:/home/dparedes/.m2/repository/org/ow2/asm/asm/9.6/asm-9.6.jar:/home/dparedes/.m2/repository/org/assertj/assertj-core/3.25.3/assertj-core-3.25.3.jar:/home/dparedes/.m2/repository/net/bytebuddy/byte-buddy/1.14.16/byte-buddy-1.14.16.jar:/home/dparedes/.m2/repository/org/awaitility/awaitility/4.2.1/awaitility-4.2.1.jar:/home/dparedes/.m2/repository/org/hamcrest/hamcrest/2.2/hamcrest-2.2.jar:/home/dparedes/.m2/repository/org/junit/jupiter/junit-jupiter/5.10.2/junit-jupiter-5.10.2.jar:/home/dparedes/.m2/repository/org/junit/jupiter/junit-jupiter-api/5.10.2/junit-jupiter-api-5.10.2.jar:/home/dparedes/.m2/repository/org/opentest4j/opentest4j/1.3.0/opentest4j-1.3.0.jar:/home/dparedes/.m2/repository/org/junit/platform/junit-platform-commons/1.10.2/junit-platform-commons-1.10.2.jar:/home/dparedes/.m2/repository/org/apiguardian/apiguardian-api/1.1.2/apiguardian-api-1.1.2.jar:/home/dparedes/.m2/repository/org/junit/jupiter/junit-jupiter-params/5.10.2/junit-jupiter-params-5.10.2.jar:/home/dparedes/.m2/repository/org/junit/jupiter/junit-jupiter-engine/5.10.2/junit-jupiter-engine-5.10.2.jar:/home/dparedes/.m2/repository/org/junit/platform/junit-platform-engine/1.10.2/junit-platform-engine-1.10.2.jar:/home/dparedes/.m2/repository/org/mockito/mockito-core/5.11.0/mockito-core-5.11.0.jar:/home/dparedes/.m2/repository/net/bytebuddy/byte-buddy-agent/1.14.16/byte-buddy-agent-1.14.16.jar:/home/dparedes/.m2/repository/org/objenesis/objenesis/3.3/objenesis-3.3.jar:/home/dparedes/.m2/repository/org/mockito/mockito-junit-jupiter/5.11.0/mockito-junit-jupiter-5.11.0.jar:/home/dparedes/.m2/repository/org/skyscreamer/jsonassert/1.5.1/jsonassert-1.5.1.jar:/home/dparedes/.m2/repository/com/vaadin/external/google/android-json/0.0.20131108.vaadin1/android-json-0.0.20131108.vaadin1.jar:/home/dparedes/.m2/repository/org/springframework/spring-core/6.1.8/spring-core-6.1.8.jar:/home/dparedes/.m2/repository/org/springframework/spring-jcl/6.1.8/spring-jcl-6.1.8.jar:/home/dparedes/.m2/repository/org/springframework/spring-test/6.1.8/spring-test-6.1.8.jar:/home/dparedes/.m2/repository/org/xmlunit/xmlunit-core/2.9.1/xmlunit-core-2.9.1.jar:/home/dparedes/.m2/repository/org/springframework/security/spring-security-test/6.3.0/spring-security-test-6.3.0.jar:/home/dparedes/.m2/repository/org/springframework/security/spring-security-core/6.3.0/spring-security-core-6.3.0.jar:/home/dparedes/.m2/repository/org/springframework/security/spring-security-crypto/6.3.0/spring-security-crypto-6.3.0.jar:/home/dparedes/.m2/repository/io/jsonwebtoken/jjwt-api/0.11.5/jjwt-api-0.11.5.jar:/home/dparedes/.m2/repository/io/jsonwebtoken/jjwt-impl/0.11.5/jjwt-impl-0.11.5.jar:/home/dparedes/.m2/repository/io/jsonwebtoken/jjwt-jackson/0.11.5/jjwt-jackson-0.11.5.jar:/home/dparedes/.m2/repository/com/fasterxml/jackson/core/jackson-databind/2.17.1/jackson-databind-2.17.1.jar:/home/dparedes/.m2/repository/com/fasterxml/jackson/core/jackson-annotations/2.17.1/jackson-annotations-2.17.1.jar:/home/dparedes/.m2/repository/com/fasterxml/jackson/core/jackson-core/2.17.1/jackson-core-2.17.1.jar:/home/dparedes/.m2/repository/org/springframework/boot/spring-boot-starter-mail/3.3.0/spring-boot-starter-mail-3.3.0.jar:/home/dparedes/.m2/repository/org/springframework/spring-context-support/6.1.8/spring-context-support-6.1.8.jar:/home/dparedes/.m2/repository/org/eclipse/angus/jakarta.mail/2.0.3/jakarta.mail-2.0.3.jar:/home/dparedes/.m2/repository/org/eclipse/angus/angus-activation/2.0.2/angus-activation-2.0.2.jar:/home/dparedes/.m2/repository/org/springframework/boot/spring-boot-starter-data-mongodb/3.3.0/spring-boot-starter-data-mongodb-3.3.0.jar:/home/dparedes/.m2/repository/org/mongodb/mongodb-driver-sync/5.0.1/mongodb-driver-sync-5.0.1.jar:/home/dparedes/.m2/repository/org/mongodb/bson/5.0.1/bson-5.0.1.jar:/home/dparedes/.m2/repository/org/mongodb/mongodb-driver-core/5.0.1/mongodb-driver-core-5.0.1.jar:/home/dparedes/.m2/repository/org/mongodb/bson-record-codec/5.0.1/bson-record-codec-5.0.1.jar:/home/dparedes/.m2/repository/org/springframework/data/spring-data-mongodb/4.3.0/spring-data-mongodb-4.3.0.jar:/home/dparedes/.m2/repository/org/springframework/spring-tx/6.1.8/spring-tx-6.1.8.jar:/home/dparedes/.m2/repository/org/springframework/data/spring-data-commons/3.3.0/spring-data-commons-3.3.0.jar:/home/dparedes/.m2/repository/commons-io/commons-io/2.11.0/commons-io-2.11.0.jar:"/>
    <property name="java.vm.vendor" value="Ubuntu"/>
    <property name="sun.arch.data.model" value="64"/>
    <property name="java.vendor.url" value="https://ubuntu.com/"/>
    <property name="user.timezone" value="Europe/Madrid"/>
    <property name="org.jboss.logging.provider" value="slf4j"/>
    <property name="os.name" value="Linux"/>
    <property name="java.vm.specification.version" value="21"/>
    <property name="sun.java.launcher" value="SUN_STANDARD"/>
    <property name="user.country" value="US"/>
    <property name="sun.boot.library.path" value="/usr/lib/jvm/java-21-openjdk-amd64/lib"/>
    <property name="sun.java.command" value="/home/dparedes/proyectos/academia/escribebackend/target/surefire/surefirebooter-20241022150953426_3.jar /home/dparedes/proyectos/academia/escribebackend/target/surefire 2024-10-22T15-09-53_356-jvmRun1 surefire-20241022150953426_1tmp surefire_0-20241022150953426_2tmp"/>
    <property name="jdk.debug" value="release"/>
    <property name="surefire.test.class.path" value="/home/dparedes/proyectos/academia/escribebackend/target/test-classes:/home/dparedes/proyectos/academia/escribebackend/target/classes:/home/dparedes/.m2/repository/org/springframework/boot/spring-boot-starter-actuator/3.3.0/spring-boot-starter-actuator-3.3.0.jar:/home/dparedes/.m2/repository/org/springframework/boot/spring-boot-starter/3.3.0/spring-boot-starter-3.3.0.jar:/home/dparedes/.m2/repository/org/springframework/boot/spring-boot-starter-logging/3.3.0/spring-boot-starter-logging-3.3.0.jar:/home/dparedes/.m2/repository/ch/qos/logback/logback-classic/1.5.6/logback-classic-1.5.6.jar:/home/dparedes/.m2/repository/ch/qos/logback/logback-core/1.5.6/logback-core-1.5.6.jar:/home/dparedes/.m2/repository/org/apache/logging/log4j/log4j-to-slf4j/2.23.1/log4j-to-slf4j-2.23.1.jar:/home/dparedes/.m2/repository/org/apache/logging/log4j/log4j-api/2.23.1/log4j-api-2.23.1.jar:/home/dparedes/.m2/repository/org/slf4j/jul-to-slf4j/2.0.13/jul-to-slf4j-2.0.13.jar:/home/dparedes/.m2/repository/org/yaml/snakeyaml/2.2/snakeyaml-2.2.jar:/home/dparedes/.m2/repository/org/springframework/boot/spring-boot-actuator-autoconfigure/3.3.0/spring-boot-actuator-autoconfigure-3.3.0.jar:/home/dparedes/.m2/repository/org/springframework/boot/spring-boot-actuator/3.3.0/spring-boot-actuator-3.3.0.jar:/home/dparedes/.m2/repository/com/fasterxml/jackson/datatype/jackson-datatype-jsr310/2.17.1/jackson-datatype-jsr310-2.17.1.jar:/home/dparedes/.m2/repository/io/micrometer/micrometer-observation/1.13.0/micrometer-observation-1.13.0.jar:/home/dparedes/.m2/repository/io/micrometer/micrometer-commons/1.13.0/micrometer-commons-1.13.0.jar:/home/dparedes/.m2/repository/io/micrometer/micrometer-jakarta9/1.13.0/micrometer-jakarta9-1.13.0.jar:/home/dparedes/.m2/repository/io/micrometer/micrometer-core/1.13.0/micrometer-core-1.13.0.jar:/home/dparedes/.m2/repository/org/hdrhistogram/HdrHistogram/2.2.1/HdrHistogram-2.2.1.jar:/home/dparedes/.m2/repository/org/latencyutils/LatencyUtils/2.0.3/LatencyUtils-2.0.3.jar:/home/dparedes/.m2/repository/org/springframework/boot/spring-boot-starter-security/3.3.0/spring-boot-starter-security-3.3.0.jar:/home/dparedes/.m2/repository/org/springframework/spring-aop/6.1.8/spring-aop-6.1.8.jar:/home/dparedes/.m2/repository/org/springframework/spring-beans/6.1.8/spring-beans-6.1.8.jar:/home/dparedes/.m2/repository/org/springframework/security/spring-security-config/6.3.0/spring-security-config-6.3.0.jar:/home/dparedes/.m2/repository/org/springframework/spring-context/6.1.8/spring-context-6.1.8.jar:/home/dparedes/.m2/repository/org/springframework/security/spring-security-web/6.3.0/spring-security-web-6.3.0.jar:/home/dparedes/.m2/repository/org/springframework/spring-expression/6.1.8/spring-expression-6.1.8.jar:/home/dparedes/.m2/repository/org/springframework/boot/spring-boot-starter-validation/3.3.0/spring-boot-starter-validation-3.3.0.jar:/home/dparedes/.m2/repository/org/apache/tomcat/embed/tomcat-embed-el/10.1.24/tomcat-embed-el-10.1.24.jar:/home/dparedes/.m2/repository/org/hibernate/validator/hibernate-validator/8.0.1.Final/hibernate-validator-8.0.1.Final.jar:/home/dparedes/.m2/repository/jakarta/validation/jakarta.validation-api/3.0.2/jakarta.validation-api-3.0.2.jar:/home/dparedes/.m2/repository/org/jboss/logging/jboss-logging/3.5.3.Final/jboss-logging-3.5.3.Final.jar:/home/dparedes/.m2/repository/com/fasterxml/classmate/1.7.0/classmate-1.7.0.jar:/home/dparedes/.m2/repository/org/springframework/boot/spring-boot-starter-web/3.3.0/spring-boot-starter-web-3.3.0.jar:/home/dparedes/.m2/repository/org/springframework/boot/spring-boot-starter-json/3.3.0/spring-boot-starter-json-3.3.0.jar:/home/dparedes/.m2/repository/com/fasterxml/jackson/datatype/jackson-datatype-jdk8/2.17.1/jackson-datatype-jdk8-2.17.1.jar:/home/dparedes/.m2/repository/com/fasterxml/jackson/module/jackson-module-parameter-names/2.17.1/jackson-module-parameter-names-2.17.1.jar:/home/dparedes/.m2/repository/org/springframework/spring-web/6.1.8/spring-web-6.1.8.jar:/home/dparedes/.m2/repository/org/springframework/spring-webmvc/6.1.8/spring-webmvc-6.1.8.jar:/home/dparedes/.m2/repository/org/springframework/boot/spring-boot-devtools/3.3.0/spring-boot-devtools-3.3.0.jar:/home/dparedes/.m2/repository/org/springframework/boot/spring-boot/3.3.0/spring-boot-3.3.0.jar:/home/dparedes/.m2/repository/org/springframework/boot/spring-boot-autoconfigure/3.3.0/spring-boot-autoconfigure-3.3.0.jar:/home/dparedes/.m2/repository/org/projectlombok/lombok/1.18.32/lombok-1.18.32.jar:/home/dparedes/.m2/repository/org/springframework/boot/spring-boot-starter-tomcat/3.3.0/spring-boot-starter-tomcat-3.3.0.jar:/home/dparedes/.m2/repository/jakarta/annotation/jakarta.annotation-api/2.1.1/jakarta.annotation-api-2.1.1.jar:/home/dparedes/.m2/repository/org/apache/tomcat/embed/tomcat-embed-core/10.1.24/tomcat-embed-core-10.1.24.jar:/home/dparedes/.m2/repository/org/apache/tomcat/embed/tomcat-embed-websocket/10.1.24/tomcat-embed-websocket-10.1.24.jar:/home/dparedes/.m2/repository/org/springframework/boot/spring-boot-starter-test/3.3.0/spring-boot-starter-test-3.3.0.jar:/home/dparedes/.m2/repository/org/springframework/boot/spring-boot-test/3.3.0/spring-boot-test-3.3.0.jar:/home/dparedes/.m2/repository/org/springframework/boot/spring-boot-test-autoconfigure/3.3.0/spring-boot-test-autoconfigure-3.3.0.jar:/home/dparedes/.m2/repository/com/jayway/jsonpath/json-path/2.9.0/json-path-2.9.0.jar:/home/dparedes/.m2/repository/org/slf4j/slf4j-api/2.0.13/slf4j-api-2.0.13.jar:/home/dparedes/.m2/repository/jakarta/xml/bind/jakarta.xml.bind-api/4.0.2/jakarta.xml.bind-api-4.0.2.jar:/home/dparedes/.m2/repository/jakarta/activation/jakarta.activation-api/2.1.3/jakarta.activation-api-2.1.3.jar:/home/dparedes/.m2/repository/net/minidev/json-smart/2.5.1/json-smart-2.5.1.jar:/home/dparedes/.m2/repository/net/minidev/accessors-smart/2.5.1/accessors-smart-2.5.1.jar:/home/dparedes/.m2/repository/org/ow2/asm/asm/9.6/asm-9.6.jar:/home/dparedes/.m2/repository/org/assertj/assertj-core/3.25.3/assertj-core-3.25.3.jar:/home/dparedes/.m2/repository/net/bytebuddy/byte-buddy/1.14.16/byte-buddy-1.14.16.jar:/home/dparedes/.m2/repository/org/awaitility/awaitility/4.2.1/awaitility-4.2.1.jar:/home/dparedes/.m2/repository/org/hamcrest/hamcrest/2.2/hamcrest-2.2.jar:/home/dparedes/.m2/repository/org/junit/jupiter/junit-jupiter/5.10.2/junit-jupiter-5.10.2.jar:/home/dparedes/.m2/repository/org/junit/jupiter/junit-jupiter-api/5.10.2/junit-jupiter-api-5.10.2.jar:/home/dparedes/.m2/repository/org/opentest4j/opentest4j/1.3.0/opentest4j-1.3.0.jar:/home/dparedes/.m2/repository/org/junit/platform/junit-platform-commons/1.10.2/junit-platform-commons-1.10.2.jar:/home/dparedes/.m2/repository/org/apiguardian/apiguardian-api/1.1.2/apiguardian-api-1.1.2.jar:/home/dparedes/.m2/repository/org/junit/jupiter/junit-jupiter-params/5.10.2/junit-jupiter-params-5.10.2.jar:/home/dparedes/.m2/repository/org/junit/jupiter/junit-jupiter-engine/5.10.2/junit-jupiter-engine-5.10.2.jar:/home/dparedes/.m2/repository/org/junit/platform/junit-platform-engine/1.10.2/junit-platform-engine-1.10.2.jar:/home/dparedes/.m2/repository/org/mockito/mockito-core/5.11.0/mockito-core-5.11.0.jar:/home/dparedes/.m2/repository/net/bytebuddy/byte-buddy-agent/1.14.16/byte-buddy-agent-1.14.16.jar:/home/dparedes/.m2/repository/org/objenesis/objenesis/3.3/objenesis-3.3.jar:/home/dparedes/.m2/repository/org/mockito/mockito-junit-jupiter/5.11.0/mockito-junit-jupiter-5.11.0.jar:/home/dparedes/.m2/repository/org/skyscreamer/jsonassert/1.5.1/jsonassert-1.5.1.jar:/home/dparedes/.m2/repository/com/vaadin/external/google/android-json/0.0.20131108.vaadin1/android-json-0.0.20131108.vaadin1.jar:/home/dparedes/.m2/repository/org/springframework/spring-core/6.1.8/spring-core-6.1.8.jar:/home/dparedes/.m2/repository/org/springframework/spring-jcl/6.1.8/spring-jcl-6.1.8.jar:/home/dparedes/.m2/repository/org/springframework/spring-test/6.1.8/spring-test-6.1.8.jar:/home/dparedes/.m2/repository/org/xmlunit/xmlunit-core/2.9.1/xmlunit-core-2.9.1.jar:/home/dparedes/.m2/repository/org/springframework/security/spring-security-test/6.3.0/spring-security-test-6.3.0.jar:/home/dparedes/.m2/repository/org/springframework/security/spring-security-core/6.3.0/spring-security-core-6.3.0.jar:/home/dparedes/.m2/repository/org/springframework/security/spring-security-crypto/6.3.0/spring-security-crypto-6.3.0.jar:/home/dparedes/.m2/repository/io/jsonwebtoken/jjwt-api/0.11.5/jjwt-api-0.11.5.jar:/home/dparedes/.m2/repository/io/jsonwebtoken/jjwt-impl/0.11.5/jjwt-impl-0.11.5.jar:/home/dparedes/.m2/repository/io/jsonwebtoken/jjwt-jackson/0.11.5/jjwt-jackson-0.11.5.jar:/home/dparedes/.m2/repository/com/fasterxml/jackson/core/jackson-databind/2.17.1/jackson-databind-2.17.1.jar:/home/dparedes/.m2/repository/com/fasterxml/jackson/core/jackson-annotations/2.17.1/jackson-annotations-2.17.1.jar:/home/dparedes/.m2/repository/com/fasterxml/jackson/core/jackson-core/2.17.1/jackson-core-2.17.1.jar:/home/dparedes/.m2/repository/org/springframework/boot/spring-boot-starter-mail/3.3.0/spring-boot-starter-mail-3.3.0.jar:/home/dparedes/.m2/repository/org/springframework/spring-context-support/6.1.8/spring-context-support-6.1.8.jar:/home/dparedes/.m2/repository/org/eclipse/angus/jakarta.mail/2.0.3/jakarta.mail-2.0.3.jar:/home/dparedes/.m2/repository/org/eclipse/angus/angus-activation/2.0.2/angus-activation-2.0.2.jar:/home/dparedes/.m2/repository/org/springframework/boot/spring-boot-starter-data-mongodb/3.3.0/spring-boot-starter-data-mongodb-3.3.0.jar:/home/dparedes/.m2/repository/org/mongodb/mongodb-driver-sync/5.0.1/mongodb-driver-sync-5.0.1.jar:/home/dparedes/.m2/repository/org/mongodb/bson/5.0.1/bson-5.0.1.jar:/home/dparedes/.m2/repository/org/mongodb/mongodb-driver-core/5.0.1/mongodb-driver-core-5.0.1.jar:/home/dparedes/.m2/repository/org/mongodb/bson-record-codec/5.0.1/bson-record-codec-5.0.1.jar:/home/dparedes/.m2/repository/org/springframework/data/spring-data-mongodb/4.3.0/spring-data-mongodb-4.3.0.jar:/home/dparedes/.m2/repository/org/springframework/spring-tx/6.1.8/spring-tx-6.1.8.jar:/home/dparedes/.m2/repository/org/springframework/data/spring-data-commons/3.3.0/spring-data-commons-3.3.0.jar:/home/dparedes/.m2/repository/commons-io/commons-io/2.11.0/commons-io-2.11.0.jar:"/>
    <property name="sun.cpu.endian" value="little"/>
    <property name="user.home" value="/home/dparedes"/>
    <property name="user.language" value="en"/>
    <property name="java.specification.vendor" value="Oracle Corporation"/>
    <property name="java.version.date" value="2024-07-16"/>
    <property name="java.home" value="/usr/lib/jvm/java-21-openjdk-amd64"/>
    <property name="file.separator" value="/"/>
    <property name="basedir" value="/home/dparedes/proyectos/academia/escribebackend"/>
    <property name="java.vm.compressedOopsMode" value="Zero based"/>
    <property name="line.separator" value="&#10;"/>
    <property name="java.vm.specification.vendor" value="Oracle Corporation"/>
    <property name="java.specification.name" value="Java Platform API Specification"/>
    <property name="FILE_LOG_CHARSET" value="UTF-8"/>
    <property name="java.awt.headless" value="true"/>
    <property name="surefire.real.class.path" value="/home/dparedes/proyectos/academia/escribebackend/target/surefire/surefirebooter-20241022150953426_3.jar"/>
    <property name="sun.management.compiler" value="HotSpot 64-Bit Tiered Compilers"/>
    <property name="java.runtime.version" value="21.0.4+7-Ubuntu-1ubuntu224.04"/>
    <property name="user.name" value="dparedes"/>
    <property name="stdout.encoding" value="UTF-8"/>
    <property name="path.separator" value=":"/>
    <property name="os.version" value="6.8.0-47-generic"/>
    <property name="java.runtime.name" value="OpenJDK Runtime Environment"/>
    <property name="file.encoding" value="UTF-8"/>
    <property name="java.vm.name" value="OpenJDK 64-Bit Server VM"/>
    <property name="localRepository" value="/home/dparedes/.m2/repository"/>
    <property name="java.vendor.url.bug" value="https://bugs.launchpad.net/ubuntu/+source/openjdk-21"/>
    <property name="java.io.tmpdir" value="/tmp"/>
    <property name="java.version" value="21.0.4"/>
    <property name="user.dir" value="/home/dparedes/proyectos/academia/escribebackend"/>
    <property name="os.arch" value="amd64"/>
    <property name="java.vm.specification.name" value="Java Virtual Machine Specification"/>
    <property name="PID" value="168108"/>
    <property name="CONSOLE_LOG_CHARSET" value="UTF-8"/>
    <property name="native.encoding" value="UTF-8"/>
    <property name="java.library.path" value="/usr/java/packages/lib:/usr/lib/x86_64-linux-gnu/jni:/lib/x86_64-linux-gnu:/usr/lib/x86_64-linux-gnu:/usr/lib/jni:/lib:/usr/lib"/>
    <property name="java.vm.info" value="mixed mode, sharing"/>
    <property name="stderr.encoding" value="UTF-8"/>
    <property name="java.vendor" value="Ubuntu"/>
    <property name="java.vm.version" value="21.0.4+7-Ubuntu-1ubuntu224.04"/>
    <property name="sun.io.unicode.encoding" value="UnicodeLittle"/>
    <property name="java.class.version" value="65.0"/>
    <property name="LOGGED_APPLICATION_NAME" value="[app-spring-base] "/>
  </properties>
  <testcase name="contextLoads" classname="com.intecod.app.AppApplicationTests" time="0.635">
    <system-out><![CDATA[15:09:53.963 [main] INFO org.springframework.test.context.support.AnnotationConfigContextLoaderUtils -- Could not detect default configuration classes for test class [com.intecod.app.AppApplicationTests]: AppApplicationTests does not declare any static, non-private, non-final, nested classes annotated with @Configuration.
15:09:54.030 [main] INFO org.springframework.boot.test.context.SpringBootTestContextBootstrapper -- Found @SpringBootConfiguration com.intecod.app.AppApplication for test class com.intecod.app.AppApplicationTests
15:09:54.134 [main] INFO org.springframework.boot.devtools.restart.RestartApplicationListener -- Restart disabled due to context in which it is running
  .   ____          _            __ _ _
 /\\ / ___'_ __ _ _(_)_ __  __ _ \ \ \ \
( ( )\___ | '_ | '_| | '_ \/ _` | \ \ \ \
 \\/  ___)| |_)| | | | | || (_| |  ) ) ) )
  '  |____| .__|_| |_|_| |_\__, | / / / /
 =========|_|==============|___/=/_/_/_/

 :: Spring Boot ::                (v3.3.0)

2024-10-22T15:09:54.311+02:00  INFO 168108 --- [app-spring-base] [           main] com.intecod.app.AppApplicationTests      : Starting AppApplicationTests using Java 21.0.4 with PID 168108 (started by dparedes in /home/dparedes/proyectos/academia/escribebackend)
2024-10-22T15:09:54.312+02:00  INFO 168108 --- [app-spring-base] [           main] com.intecod.app.AppApplicationTests      : No active profile set, falling back to 1 default profile: "default"
2024-10-22T15:09:54.977+02:00  INFO 168108 --- [app-spring-base] [           main] .s.d.r.c.RepositoryConfigurationDelegate : Bootstrapping Spring Data MongoDB repositories in DEFAULT mode.
2024-10-22T15:09:55.018+02:00  INFO 168108 --- [app-spring-base] [           main] .s.d.r.c.RepositoryConfigurationDelegate : Finished Spring Data repository scanning in 37 ms. Found 6 MongoDB repository interfaces.
2024-10-22T15:09:55.543+02:00  INFO 168108 --- [app-spring-base] [           main] org.mongodb.driver.client                : MongoClient with metadata {"driver": {"name": "mongo-java-driver|sync|spring-boot", "version": "5.0.1"}, "os": {"type": "Linux", "name": "Linux", "architecture": "amd64", "version": "6.8.0-47-generic"}, "platform": "Java/Ubuntu/21.0.4+7-Ubuntu-1ubuntu224.04"} created with settings MongoClientSettings{readPreference=primary, writeConcern=WriteConcern{w=null, wTimeout=null ms, journal=null}, retryWrites=true, retryReads=true, readConcern=ReadConcern{level=null}, credential=MongoCredential{mechanism=null, userName='aescritura95', source='admin', password=<hidden>, mechanismProperties=<hidden>}, transportSettings=null, commandListeners=[io.micrometer.core.instrument.binder.mongodb.MongoMetricsCommandListener@350323a0], codecRegistry=ProvidersCodecRegistry{codecProviders=[ValueCodecProvider{}, BsonValueCodecProvider{}, DBRefCodecProvider{}, DBObjectCodecProvider{}, DocumentCodecProvider{}, CollectionCodecProvider{}, IterableCodecProvider{}, MapCodecProvider{}, GeoJsonCodecProvider{}, GridFSFileCodecProvider{}, Jsr310CodecProvider{}, JsonObjectCodecProvider{}, BsonCodecProvider{}, EnumCodecProvider{}, com.mongodb.client.model.mql.ExpressionCodecProvider@2506b881, com.mongodb.Jep395RecordCodecProvider@5d7dd549, com.mongodb.KotlinCodecProvider@486bd064]}, loggerSettings=LoggerSettings{maxDocumentLength=1000}, clusterSettings={hosts=[127.0.0.1:27017], srvHost=clusterescribe.6vqxn.mongodb.net, srvServiceName=mongodb, mode=MULTIPLE, requiredClusterType=REPLICA_SET, requiredReplicaSetName='atlas-k4m3aq-shard-0', serverSelector='null', clusterListeners='[]', serverSelectionTimeout='30000 ms', localThreshold='15 ms'}, socketSettings=SocketSettings{connectTimeoutMS=10000, readTimeoutMS=0, receiveBufferSize=0, proxySettings=ProxySettings{host=null, port=null, username=null, password=null}}, heartbeatSocketSettings=SocketSettings{connectTimeoutMS=10000, readTimeoutMS=10000, receiveBufferSize=0, proxySettings=ProxySettings{host=null, port=null, username=null, password=null}}, connectionPoolSettings=ConnectionPoolSettings{maxSize=100, minSize=0, maxWaitTimeMS=120000, maxConnectionLifeTimeMS=0, maxConnectionIdleTimeMS=0, maintenanceInitialDelayMS=0, maintenanceFrequencyMS=60000, connectionPoolListeners=[io.micrometer.core.instrument.binder.mongodb.MongoMetricsConnectionPoolListener@6459f4ea], maxConnecting=2}, serverSettings=ServerSettings{heartbeatFrequencyMS=10000, minHeartbeatFrequencyMS=500, serverListeners='[]', serverMonitorListeners='[]'}, sslSettings=SslSettings{enabled=true, invalidHostNameAllowed=false, context=null}, applicationName='null', compressorList=[], uuidRepresentation=JAVA_LEGACY, serverApi=null, autoEncryptionSettings=null, dnsClient=null, inetAddressResolver=null, contextProvider=null}
2024-10-22T15:09:55.557+02:00  INFO 168108 --- [app-spring-base] [qxn.mongodb.net] org.mongodb.driver.cluster               : Adding discovered server clusterescribe-shard-00-00.6vqxn.mongodb.net:27017 to client view of cluster
2024-10-22T15:09:55.584+02:00  INFO 168108 --- [app-spring-base] [qxn.mongodb.net] org.mongodb.driver.cluster               : Adding discovered server clusterescribe-shard-00-02.6vqxn.mongodb.net:27017 to client view of cluster
2024-10-22T15:09:55.587+02:00  INFO 168108 --- [app-spring-base] [qxn.mongodb.net] org.mongodb.driver.cluster               : Adding discovered server clusterescribe-shard-00-01.6vqxn.mongodb.net:27017 to client view of cluster
2024-10-22T15:09:56.005+02:00  INFO 168108 --- [app-spring-base] [           main] r$InitializeUserDetailsManagerConfigurer : Global AuthenticationManager configured with UserDetailsService bean with name mongoUserDetailsService
2024-10-22T15:09:56.361+02:00  INFO 168108 --- [app-spring-base] [           main] o.s.b.a.e.web.EndpointLinksResolver      : Exposing 1 endpoint beneath base path '/actuator'
2024-10-22T15:09:56.430+02:00  INFO 168108 --- [app-spring-base] [           main] o.s.s.web.DefaultSecurityFilterChain     : Will secure any request with [org.springframework.security.web.session.DisableEncodeUrlFilter@5f33e6d, org.springframework.security.web.context.request.async.WebAsyncManagerIntegrationFilter@151a6598, org.springframework.security.web.context.SecurityContextHolderFilter@6fe2a366, org.springframework.security.web.header.HeaderWriterFilter@43b172e3, org.springframework.web.filter.CorsFilter@6fa3def8, org.springframework.security.web.authentication.logout.LogoutFilter@71316cd7, com.intecod.app.security.filter.JwtAuthenticationFilter@1c3d9e28, com.intecod.app.security.filter.JwtValidationFilter@a1cb94, org.springframework.security.web.savedrequest.RequestCacheAwareFilter@99c3cee, org.springframework.security.web.servletapi.SecurityContextHolderAwareRequestFilter@2db461b5, org.springframework.security.web.authentication.AnonymousAuthenticationFilter@46d148bd, org.springframework.security.web.session.SessionManagementFilter@304068, org.springframework.security.web.access.ExceptionTranslationFilter@5599dc60, org.springframework.security.web.access.intercept.AuthorizationFilter@5dacf18d]
2024-10-22T15:09:56.705+02:00  INFO 168108 --- [app-spring-base] [ngodb.net:27017] org.mongodb.driver.cluster               : Monitor thread successfully connected to server with description ServerDescription{address=clusterescribe-shard-00-01.6vqxn.mongodb.net:27017, type=REPLICA_SET_SECONDARY, state=CONNECTED, ok=true, minWireVersion=0, maxWireVersion=21, maxDocumentSize=16777216, logicalSessionTimeoutMinutes=30, roundTripTimeNanos=626602862, setName='atlas-k4m3aq-shard-0', canonicalAddress=clusterescribe-shard-00-01.6vqxn.mongodb.net:27017, hosts=[clusterescribe-shard-00-01.6vqxn.mongodb.net:27017, clusterescribe-shard-00-02.6vqxn.mongodb.net:27017, clusterescribe-shard-00-00.6vqxn.mongodb.net:27017], passives=[], arbiters=[], primary='clusterescribe-shard-00-02.6vqxn.mongodb.net:27017', tagSet=TagSet{[Tag{name='diskState', value='READY'}, Tag{name='nodeType', value='ELECTABLE'}, Tag{name='provider', value='AZURE'}, Tag{name='region', value='US_WEST'}, Tag{name='workloadType', value='OPERATIONAL'}]}, electionId=null, setVersion=8, topologyVersion=TopologyVersion{processId=67095bdf4b3efc06132cd665, counter=3}, lastWriteDate=Tue Oct 22 15:09:56 CEST 2024, lastUpdateTimeNanos=26625570360569}
2024-10-22T15:09:56.705+02:00  INFO 168108 --- [app-spring-base] [ngodb.net:27017] org.mongodb.driver.cluster               : Monitor thread successfully connected to server with description ServerDescription{address=clusterescribe-shard-00-02.6vqxn.mongodb.net:27017, type=REPLICA_SET_PRIMARY, state=CONNECTED, ok=true, minWireVersion=0, maxWireVersion=21, maxDocumentSize=16777216, logicalSessionTimeoutMinutes=30, roundTripTimeNanos=626605237, setName='atlas-k4m3aq-shard-0', canonicalAddress=clusterescribe-shard-00-02.6vqxn.mongodb.net:27017, hosts=[clusterescribe-shard-00-01.6vqxn.mongodb.net:27017, clusterescribe-shard-00-02.6vqxn.mongodb.net:27017, clusterescribe-shard-00-00.6vqxn.mongodb.net:27017], passives=[], arbiters=[], primary='clusterescribe-shard-00-02.6vqxn.mongodb.net:27017', tagSet=TagSet{[Tag{name='diskState', value='READY'}, Tag{name='nodeType', value='ELECTABLE'}, Tag{name='provider', value='AZURE'}, Tag{name='region', value='US_WEST'}, Tag{name='workloadType', value='OPERATIONAL'}]}, electionId=7fffffff00000000000000f2, setVersion=8, topologyVersion=TopologyVersion{processId=67095b8d51f66d066ebe253a, counter=6}, lastWriteDate=Tue Oct 22 15:09:56 CEST 2024, lastUpdateTimeNanos=26625570360569}
2024-10-22T15:09:56.705+02:00  INFO 168108 --- [app-spring-base] [ngodb.net:27017] org.mongodb.driver.cluster               : Monitor thread successfully connected to server with description ServerDescription{address=clusterescribe-shard-00-00.6vqxn.mongodb.net:27017, type=REPLICA_SET_SECONDARY, state=CONNECTED, ok=true, minWireVersion=0, maxWireVersion=21, maxDocumentSize=16777216, logicalSessionTimeoutMinutes=30, roundTripTimeNanos=626613338, setName='atlas-k4m3aq-shard-0', canonicalAddress=clusterescribe-shard-00-00.6vqxn.mongodb.net:27017, hosts=[clusterescribe-shard-00-01.6vqxn.mongodb.net:27017, clusterescribe-shard-00-02.6vqxn.mongodb.net:27017, clusterescribe-shard-00-00.6vqxn.mongodb.net:27017], passives=[], arbiters=[], primary='clusterescribe-shard-00-02.6vqxn.mongodb.net:27017', tagSet=TagSet{[Tag{name='diskState', value='READY'}, Tag{name='nodeType', value='ELECTABLE'}, Tag{name='provider', value='AZURE'}, Tag{name='region', value='US_WEST'}, Tag{name='workloadType', value='OPERATIONAL'}]}, electionId=null, setVersion=8, topologyVersion=TopologyVersion{processId=67095b3b1976ab70eb250d72, counter=4}, lastWriteDate=Tue Oct 22 15:09:56 CEST 2024, lastUpdateTimeNanos=26625570366785}
2024-10-22T15:09:56.708+02:00  INFO 168108 --- [app-spring-base] [ngodb.net:27017] org.mongodb.driver.cluster               : Discovered replica set primary clusterescribe-shard-00-02.6vqxn.mongodb.net:27017 with max election id 7fffffff00000000000000f2 and max set version 8
2024-10-22T15:09:56.748+02:00  INFO 168108 --- [app-spring-base] [           main] com.intecod.app.AppApplicationTests      : Started AppApplicationTests in 2.622 seconds (process running for 3.274)
]]></system-out>
    <system-err><![CDATA[WARNING: A Java agent has been loaded dynamically (/home/dparedes/.m2/repository/net/bytebuddy/byte-buddy-agent/1.14.16/byte-buddy-agent-1.14.16.jar)
WARNING: If a serviceability tool is in use, please run with -XX:+EnableDynamicAgentLoading to hide this warning
WARNING: If a serviceability tool is not in use, please run with -Djdk.instrument.traceUsage for more information
WARNING: Dynamic loading of agents will be disallowed by default in a future release
]]></system-err>
  </testcase>
</testsuite>